Unity Editor version:    2020.3.34f1 (9a4c9c70452b)
Branch:                  2020.3/release
Build type:              Release
Batch mode:              YES
macOS version:           Version 13.4.1 (c) (Build 22F770820d)
Darwin version:          22.5.0
Architecture:            x86_64
Running under Rosetta:   NO
Available memory:        8192 MB
Using pre-set license
Pro License: NO

COMMAND LINE ARGUMENTS:
/Applications/Unity/Hub/Editor/2020.3.34f1/Unity.app/Contents/MacOS/Unity
-adb2
-batchMode
-noUpm
-name
AssetImportWorker0
-projectPath
/Users/yeanahn/extendedReality/EscapeRoom
-logFile
Logs/AssetImportWorker0.log
-srvPort
49499
Successfully changed project path to: /Users/yeanahn/extendedReality/EscapeRoom
/Users/yeanahn/extendedReality/EscapeRoom
Using Asset Import Pipeline V2.
Refreshing native plugins compatible for Editor in 31.03 ms, found 2 plugins.
Preloading 0 native plugins for Editor in 0.00 ms.
Initialize engine version: 2020.3.34f1 (9a4c9c70452b)
[Subsystems] Discovering subsystems at path /Applications/Unity/Hub/Editor/2020.3.34f1/Unity.app/Contents/Resources/UnitySubsystems
[Subsystems] Discovering subsystems at path /Users/yeanahn/extendedReality/EscapeRoom/Assets
GfxDevice: creating device client; threaded=0
2023-10-14 14:18:39.928 Unity[1913:25221] Color LCD preferred device: Intel(R) Iris(TM) Plus Graphics 645 (low power)
2023-10-14 14:18:39.928 Unity[1913:25221] Metal devices available: 1
2023-10-14 14:18:39.928 Unity[1913:25221] 0: Intel(R) Iris(TM) Plus Graphics 645 (low power)
2023-10-14 14:18:39.928 Unity[1913:25221] Using device Intel(R) Iris(TM) Plus Graphics 645 (low power)
Initializing Metal device caps: Intel(R) Iris(TM) Plus Graphics 645
Initialize mono
Mono path[0] = '/Applications/Unity/Hub/Editor/2020.3.34f1/Unity.app/Contents/Managed'
Mono path[1] = '/Applications/Unity/Hub/Editor/2020.3.34f1/Unity.app/Contents/MonoBleedingEdge/lib/mono/unityjit'
Mono config path = '/Applications/Unity/Hub/Editor/2020.3.34f1/Unity.app/Contents/MonoBleedingEdge/etc'
Using monoOptions --debugger-agent=transport=dt_socket,embedding=1,server=y,suspend=n,address=127.0.0.1:56913
Begin MonoManager ReloadAssembly
Registering precompiled unity dll's ...
Register platform support module: /Applications/Unity/Hub/Editor/2020.3.34f1/Unity.app/Contents/PlaybackEngines/MacStandaloneSupport/UnityEditor.OSXStandalone.Extensions.dll
Registered in 0.000529 seconds.
Native extension for OSXStandalone target not found
Refreshing native plugins compatible for Editor in 35.25 ms, found 2 plugins.
Preloading 0 native plugins for Editor in 0.00 ms.
Mono: successfully reloaded assembly
- Completed reload, in  0.686 seconds
Domain Reload Profiling:
	ReloadAssembly (686ms)
		BeginReloadAssembly (55ms)
			ExecutionOrderSort (0ms)
			DisableScriptedObjects (0ms)
			BackupInstance (0ms)
			ReleaseScriptingObjects (0ms)
			CreateAndSetChildDomain (1ms)
		EndReloadAssembly (549ms)
			LoadAssemblies (53ms)
			RebuildTransferFunctionScriptingTraits (0ms)
			SetupTypeCache (200ms)
			ReleaseScriptCaches (0ms)
			RebuildScriptCaches (43ms)
			SetupLoadedEditorAssemblies (210ms)
				LogAssemblyErrors (0ms)
				InitializePlatformSupportModulesInManaged (6ms)
				SetLoadedEditorAssemblies (0ms)
				RefreshPlugins (35ms)
				BeforeProcessingInitializeOnLoad (11ms)
				ProcessInitializeOnLoadAttributes (124ms)
				ProcessInitializeOnLoadMethodAttributes (34ms)
				AfterProcessingInitializeOnLoad (0ms)
				EditorAssembliesLoaded (0ms)
			ExecutionOrderSort2 (0ms)
			AwakeInstancesAfterBackupRestoration (0ms)
Platform modules already initialized, skipping
Registering precompiled user dll's ...
Registered in 0.001382 seconds.
Begin MonoManager ReloadAssembly
Native extension for OSXStandalone target not found
Refreshing native plugins compatible for Editor in 0.40 ms, found 2 plugins.
Preloading 0 native plugins for Editor in 0.00 ms.
Mono: successfully reloaded assembly
- Completed reload, in  1.127 seconds
Domain Reload Profiling:
	ReloadAssembly (1128ms)
		BeginReloadAssembly (168ms)
			ExecutionOrderSort (0ms)
			DisableScriptedObjects (6ms)
			BackupInstance (0ms)
			ReleaseScriptingObjects (0ms)
			CreateAndSetChildDomain (30ms)
		EndReloadAssembly (892ms)
			LoadAssemblies (80ms)
			RebuildTransferFunctionScriptingTraits (0ms)
			SetupTypeCache (333ms)
			ReleaseScriptCaches (0ms)
			RebuildScriptCaches (57ms)
			SetupLoadedEditorAssemblies (313ms)
				LogAssemblyErrors (0ms)
				InitializePlatformSupportModulesInManaged (4ms)
				SetLoadedEditorAssemblies (1ms)
				RefreshPlugins (0ms)
				BeforeProcessingInitializeOnLoad (52ms)
				ProcessInitializeOnLoadAttributes (238ms)
				ProcessInitializeOnLoadMethodAttributes (15ms)
				AfterProcessingInitializeOnLoad (1ms)
				EditorAssembliesLoaded (0ms)
			ExecutionOrderSort2 (0ms)
			AwakeInstancesAfterBackupRestoration (2ms)
Platform modules already initialized, skipping
Validating Project structure ... 0.000348 seconds.
Shader import version has changed; will reimport all shaders...
Upgrading shader files ...0.000375 seconds.
Application.AssetDatabase Initial Script Refresh Start
RefreshInfo: InitialScriptRefreshV2(NoUpdateAssetOptions) scanfilter:  ... 1 filters
RefreshProfiler: Total: 0.000ms
Application.AssetDatabase Initial Script Refresh End
Application.AssetDatabase.Refresh Start
Application.AssetDatabase.Refresh End
RefreshInfo: StopAssetImportingV2(ForceSynchronousImport) scanfilter: 
RefreshProfiler: Total: 0.000ms
Launching external process: /Applications/Unity/Hub/Editor/2020.3.34f1/Unity.app/Contents/Tools/UnityShaderCompiler
Launched and connected shader compiler UnityShaderCompiler after 0.01 seconds
Initializing Unity extensions:
2023-10-14 14:18:43.486 Unity[1913:25221] NSEventModifierFlagFunction specified to -setKeyEquivalentModifierMask: for item <NSMenuItem: 0x7f835ad33c40 Font Asset, ke='Command-F12'>, but is only supported for system-provided menu items; will not be used
2023-10-14 14:18:43.489 Unity[1913:25221] NSEventModifierFlagFunction specified to -setKeyEquivalentModifierMask: for item <NSMenuItem: 0x7f8358f64580 Font Asset, ke='Command-F12'>, but is only supported for system-provided menu items; will not be used
========================================================================
Worker process is ready to serve import requests
Refreshing native plugins compatible for Editor in 0.32 ms, found 2 plugins.
Preloading 0 native plugins for Editor in 0.00 ms.
Unloading 1511 Unused Serialized files (Serialized files now loaded: 0)
System memory in use before: 76.4 MB.
System memory in use after: 75.7 MB.

Unloading 77 unused Assets to reduce memory usage. Loaded Objects now: 1986.
Total: 3.657980 ms (FindLiveObjects: 0.157361 ms CreateObjectMapping: 0.051299 ms MarkObjects: 2.785457 ms  DeleteObjects: 0.663095 ms)

AssetImportParameters requested are different than current active one (requested -> active):
  custom:video-decoder-ogg-theora: a1e56fd34408186e4bbccfd4996cb3dc -> 
  custom:container-muxer-webm: aa71ff27fc2769a1b78a27578f13a17b -> 
  custom:container-demuxer-webm: 4f35f7cbe854078d1ac9338744f61a02 -> 
  custom:container-demuxer-ogg: 62fdf1f143b41e24485cea50d1cbac27 -> 
  custom:video-encoder-webm-vp8: eb34c28f22e8b96e1ab97ce403110664 -> 
  custom:framework-osx-AVFoundation: e770b220cccbd017edd2c1fefb359320 -> 
  custom:video-decoder-webm-vp8: 9c59270c3fd7afecdb556c50c9e8de78 -> 
  custom:audio-decoder-ogg-vorbis: bf7c407c2cedff20999df2af8eb42d56 -> 
  custom:audio-encoder-webm-vorbis: bf7c407c2cedff20999df2af8eb42d56 -> 
========================================================================
Received Import Request.
  path: Assets/2023-FinalProject-Models
  artifactKey: Guid(35df835b51ff740a3a2537b8a66c373d) Importer(815301076,1909f56bfc062723c751e8b465ee728b)
Start importing Assets/2023-FinalProject-Models using Guid(35df835b51ff740a3a2537b8a66c373d) Importer(815301076,1909f56bfc062723c751e8b465ee728b)  -> (artifact id: 'c6cdbc5b96ac450bcc31e9f6c52eba88') in 0.004536 seconds 
========================================================================
Received Import Request.
  Time since last request: 0.000264 seconds.
  path: Assets/2023-FinalProject-Models/BarChair.fbx
  artifactKey: Guid(0115acf7547c24b4c955708a7b3c6245) Importer(815301076,1909f56bfc062723c751e8b465ee728b)
Start importing Assets/2023-FinalProject-Models/BarChair.fbx using Guid(0115acf7547c24b4c955708a7b3c6245) Importer(815301076,1909f56bfc062723c751e8b465ee728b)  -> (artifact id: '501f40170b51dc2e80ffc93467c1f81d') in 1.916681 seconds 
========================================================================
Received Import Request.
  Time since last request: 0.000299 seconds.
  path: Assets/2023-FinalProject-Models/Can.fbx
  artifactKey: Guid(501134ab507e6459d81266922ef31709) Importer(815301076,1909f56bfc062723c751e8b465ee728b)
Start importing Assets/2023-FinalProject-Models/Can.fbx using Guid(501134ab507e6459d81266922ef31709) Importer(815301076,1909f56bfc062723c751e8b465ee728b)  -> (artifact id: '31a5a31dde702a2de42ffcc2616f1e50') in 0.046264 seconds 
========================================================================
Received Import Request.
  Time since last request: 0.000178 seconds.
  path: Assets/2023-FinalProject-Models/Toaster.fbx
  artifactKey: Guid(8c6eaa86b67754b12b11c031ff95e4a1) Importer(815301076,1909f56bfc062723c751e8b465ee728b)
Start importing Assets/2023-FinalProject-Models/Toaster.fbx using Guid(8c6eaa86b67754b12b11c031ff95e4a1) Importer(815301076,1909f56bfc062723c751e8b465ee728b)  -> (artifact id: '285e220af4c6d025918627dfc78b3ff5') in 0.057159 seconds 
========================================================================
Received Import Request.
  Time since last request: 0.000231 seconds.
  path: Assets/2023-FinalProject-Models/Aquarium.fbx
  artifactKey: Guid(5bd785a3355364eb3806894da9fe67b7) Importer(815301076,1909f56bfc062723c751e8b465ee728b)
Start importing Assets/2023-FinalProject-Models/Aquarium.fbx using Guid(5bd785a3355364eb3806894da9fe67b7) Importer(815301076,1909f56bfc062723c751e8b465ee728b)  -> (artifact id: '3c2a273e9418501e4d46e83a0aa19c19') in 0.524381 seconds 
========================================================================
Received Import Request.
  Time since last request: 0.000212 seconds.
  path: Assets/2023-FinalProject-Models/FlatTV.fbx
  artifactKey: Guid(0aad08a6b7b8247989b65ff2157cd0c9) Importer(815301076,1909f56bfc062723c751e8b465ee728b)
Start importing Assets/2023-FinalProject-Models/FlatTV.fbx using Guid(0aad08a6b7b8247989b65ff2157cd0c9) Importer(815301076,1909f56bfc062723c751e8b465ee728b)  -> (artifact id: 'ce3f051f382335b2a109117dd888cff3') in 0.066474 seconds 
========================================================================
Received Import Request.
  Time since last request: 0.000244 seconds.
  path: Assets/2023-FinalProject-Models/FryingPan.fbx
  artifactKey: Guid(11065a2156a2d4ec7b9b8ee3bfcf9013) Importer(815301076,1909f56bfc062723c751e8b465ee728b)
Start importing Assets/2023-FinalProject-Models/FryingPan.fbx using Guid(11065a2156a2d4ec7b9b8ee3bfcf9013) Importer(815301076,1909f56bfc062723c751e8b465ee728b)  -> (artifact id: 'c129542d18284d0e6bcc09612325467a') in 0.080036 seconds 
========================================================================
Received Import Request.
  Time since last request: 0.000333 seconds.
  path: Assets/2023-FinalProject-Models/ping.mp3
  artifactKey: Guid(1919cc019e6a4464dae44ff40428b9b0) Importer(815301076,1909f56bfc062723c751e8b465ee728b)
Start importing Assets/2023-FinalProject-Models/ping.mp3 using Guid(1919cc019e6a4464dae44ff40428b9b0) Importer(815301076,1909f56bfc062723c751e8b465ee728b)  -> (artifact id: '64cd44067782576be8e785e23f09fd42') in 1.306397 seconds 
========================================================================
Received Import Request.
  Time since last request: 0.000246 seconds.
  path: Assets/2023-FinalProject-Models/Guitar.fbx
  artifactKey: Guid(fba29e4d354f94ed2a2d762a06db06e6) Importer(815301076,1909f56bfc062723c751e8b465ee728b)
Start importing Assets/2023-FinalProject-Models/Guitar.fbx using Guid(fba29e4d354f94ed2a2d762a06db06e6) Importer(815301076,1909f56bfc062723c751e8b465ee728b)  -> (artifact id: 'd6843669ac5c7a6856bdd81741843555') in 0.055213 seconds 
========================================================================
Received Import Request.
  Time since last request: 0.000220 seconds.
  path: Assets/2023-FinalProject-Models/AlarmClock.fbx
  artifactKey: Guid(e83da90bd913a47de80cce3800d18ea9) Importer(815301076,1909f56bfc062723c751e8b465ee728b)
Start importing Assets/2023-FinalProject-Models/AlarmClock.fbx using Guid(e83da90bd913a47de80cce3800d18ea9) Importer(815301076,1909f56bfc062723c751e8b465ee728b)  -> (artifact id: 'bbae5f54523654d6c55a7245080a55e7') in 0.056501 seconds 
========================================================================
Received Import Request.
  Time since last request: 0.000279 seconds.
  path: Assets/2023-FinalProject-Models/Books.fbx
  artifactKey: Guid(50a0b2605d2144d7e9777c0a8c67377a) Importer(815301076,1909f56bfc062723c751e8b465ee728b)
Start importing Assets/2023-FinalProject-Models/Books.fbx using Guid(50a0b2605d2144d7e9777c0a8c67377a) Importer(815301076,1909f56bfc062723c751e8b465ee728b)  -> (artifact id: '7caae9eaf0319dc6a2ca825567f4f148') in 0.083897 seconds 
========================================================================
Received Import Request.
  Time since last request: 0.000303 seconds.
  path: Assets/2023-FinalProject-Models/RubbishBin.fbx
  artifactKey: Guid(0fa836fcb6c164095813d4360a632734) Importer(815301076,1909f56bfc062723c751e8b465ee728b)
Start importing Assets/2023-FinalProject-Models/RubbishBin.fbx using Guid(0fa836fcb6c164095813d4360a632734) Importer(815301076,1909f56bfc062723c751e8b465ee728b)  -> (artifact id: 'ebbd64b8eb35008338db08496313afe4') in 0.057884 seconds 
========================================================================
Received Import Request.
  Time since last request: 0.000313 seconds.
  path: Assets/2023-FinalProject-Models/Shell.fbx
  artifactKey: Guid(037783e1c7fe94af98162ea49322555a) Importer(815301076,1909f56bfc062723c751e8b465ee728b)
Start importing Assets/2023-FinalProject-Models/Shell.fbx using Guid(037783e1c7fe94af98162ea49322555a) Importer(815301076,1909f56bfc062723c751e8b465ee728b)  -> (artifact id: '20b4a6dcaa09d7e0a5857b223fd625ce') in 0.050287 seconds 
========================================================================
Received Import Request.
  Time since last request: 0.000187 seconds.
  path: Assets/2023-FinalProject-Models/DoorWithoutFrame.fbx
  artifactKey: Guid(9908358e9d9944128965bf9bdd795eab) Importer(815301076,1909f56bfc062723c751e8b465ee728b)
Start importing Assets/2023-FinalProject-Models/DoorWithoutFrame.fbx using Guid(9908358e9d9944128965bf9bdd795eab) Importer(815301076,1909f56bfc062723c751e8b465ee728b)  -> (artifact id: '377886e2c624e66a95f5dd077efa07fd') in 0.044922 seconds 
========================================================================
Received Import Request.
  Time since last request: 0.000222 seconds.
  path: Assets/2023-FinalProject-Models/T1Appartment.fbx
  artifactKey: Guid(edbc474cdbc9746faa8145fccc3e41f9) Importer(815301076,1909f56bfc062723c751e8b465ee728b)
Start importing Assets/2023-FinalProject-Models/T1Appartment.fbx using Guid(edbc474cdbc9746faa8145fccc3e41f9) Importer(815301076,1909f56bfc062723c751e8b465ee728b)  -> (artifact id: 'e63dc4fb322822cc0bbf069cae6a7b38') in 0.533315 seconds 
========================================================================
Received Import Request.
  Time since last request: 0.000408 seconds.
  path: Assets/2023-FinalProject-Models/Keyboard.fbx
  artifactKey: Guid(12051b52fedfc425c9317b02e2700e74) Importer(815301076,1909f56bfc062723c751e8b465ee728b)
Start importing Assets/2023-FinalProject-Models/Keyboard.fbx using Guid(12051b52fedfc425c9317b02e2700e74) Importer(815301076,1909f56bfc062723c751e8b465ee728b)  -> (artifact id: '7e00e30312ec3dd45aed82bedc6a0ef7') in 0.069188 seconds 
========================================================================
Received Import Request.
  Time since last request: 0.000310 seconds.
  path: Assets/2023-FinalProject-Models/ShampooBottle.fbx
  artifactKey: Guid(bd781ad1408ca46bd8cfce64adefe6d7) Importer(815301076,1909f56bfc062723c751e8b465ee728b)
Start importing Assets/2023-FinalProject-Models/ShampooBottle.fbx using Guid(bd781ad1408ca46bd8cfce64adefe6d7) Importer(815301076,1909f56bfc062723c751e8b465ee728b)  -> (artifact id: '91e61ec51e118f9ab40d9f830372612f') in 0.056498 seconds 
========================================================================
Received Import Request.
  Time since last request: 0.000287 seconds.
  path: Assets/2023-FinalProject-Models/Microwave.fbx
  artifactKey: Guid(c60c42794ac9a4fd1ac8ec4d499bf698) Importer(815301076,1909f56bfc062723c751e8b465ee728b)
Start importing Assets/2023-FinalProject-Models/Microwave.fbx using Guid(c60c42794ac9a4fd1ac8ec4d499bf698) Importer(815301076,1909f56bfc062723c751e8b465ee728b)  -> (artifact id: '0aad1592705fd7911f4b90bfe809a55c') in 0.084625 seconds 
========================================================================
Received Import Request.
  Time since last request: 0.000248 seconds.
  path: Assets/2023-FinalProject-Models/Chair.fbx
  artifactKey: Guid(8f89b639afbce47ba91a38d3b15b91f2) Importer(815301076,1909f56bfc062723c751e8b465ee728b)
Start importing Assets/2023-FinalProject-Models/Chair.fbx using Guid(8f89b639afbce47ba91a38d3b15b91f2) Importer(815301076,1909f56bfc062723c751e8b465ee728b)  -> (artifact id: '6b762be9182fa44721ffa0f848f16b8d') in 0.055539 seconds 
========================================================================
Received Import Request.
  Time since last request: 0.000897 seconds.
  path: Assets/2023-FinalProject-Models/Bottle.fbx
  artifactKey: Guid(c9a51d97a18ae4977b41db62988a1991) Importer(815301076,1909f56bfc062723c751e8b465ee728b)
Start importing Assets/2023-FinalProject-Models/Bottle.fbx using Guid(c9a51d97a18ae4977b41db62988a1991) Importer(815301076,1909f56bfc062723c751e8b465ee728b)  -> (artifact id: '968d1043e7f41147c2913f090bdb8cba') in 0.062470 seconds 
========================================================================
Received Import Request.
  Time since last request: 0.000342 seconds.
  path: Assets/2023-FinalProject-Models/Lamp.fbx
  artifactKey: Guid(2887f7ba43a7d46c088355f503a3a0cd) Importer(815301076,1909f56bfc062723c751e8b465ee728b)
Start importing Assets/2023-FinalProject-Models/Lamp.fbx using Guid(2887f7ba43a7d46c088355f503a3a0cd) Importer(815301076,1909f56bfc062723c751e8b465ee728b)  -> (artifact id: '69d663db3338b230e6e576f32f20bd2e') in 0.062441 seconds 
========================================================================
Received Import Request.
  Time since last request: 0.000308 seconds.
  path: Assets/2023-FinalProject-Models/Shaver.fbx
  artifactKey: Guid(73aae82230aab4f6d845e3d5fd5034bd) Importer(815301076,1909f56bfc062723c751e8b465ee728b)
Start importing Assets/2023-FinalProject-Models/Shaver.fbx using Guid(73aae82230aab4f6d845e3d5fd5034bd) Importer(815301076,1909f56bfc062723c751e8b465ee728b)  -> (artifact id: 'e5c91261a0a77749e17c2a4f138d22a4') in 0.057258 seconds 
========================================================================
Received Import Request.
  Time since last request: 0.000206 seconds.
  path: Assets/2023-FinalProject-Models/Kettle.fbx
  artifactKey: Guid(eeeaaf2b8e46146528bf6d682fbec04c) Importer(815301076,1909f56bfc062723c751e8b465ee728b)
Start importing Assets/2023-FinalProject-Models/Kettle.fbx using Guid(eeeaaf2b8e46146528bf6d682fbec04c) Importer(815301076,1909f56bfc062723c751e8b465ee728b)  -> (artifact id: 'ddb8994b03e97f0b724b3f1a2a9d3a5f') in 0.053229 seconds 
========================================================================
Received Import Request.
  Time since last request: 0.000278 seconds.
  path: Assets/2023-FinalProject-Models/CuttingBoard.fbx
  artifactKey: Guid(6ba4bbaafa59c44ccadd850b078ff39e) Importer(815301076,1909f56bfc062723c751e8b465ee728b)
Start importing Assets/2023-FinalProject-Models/CuttingBoard.fbx using Guid(6ba4bbaafa59c44ccadd850b078ff39e) Importer(815301076,1909f56bfc062723c751e8b465ee728b)  -> (artifact id: 'b7921a10c10dc609bcef9a6cad0bd9e6') in 0.033674 seconds 
========================================================================
Received Import Request.
  Time since last request: 0.000173 seconds.
  path: Assets/2023-FinalProject-Models/Clock.fbx
  artifactKey: Guid(6da02e588767548f1b0806f5175cba9b) Importer(815301076,1909f56bfc062723c751e8b465ee728b)
Start importing Assets/2023-FinalProject-Models/Clock.fbx using Guid(6da02e588767548f1b0806f5175cba9b) Importer(815301076,1909f56bfc062723c751e8b465ee728b)  -> (artifact id: '777d4b4d84b2c17cf5d9a5420d714ffa') in 0.051555 seconds 
========================================================================
Received Import Request.
  Time since last request: 0.000166 seconds.
  path: Assets/2023-FinalProject-Models/Laptop.fbx
  artifactKey: Guid(a2443255c2c1f4e13acc37d8ffdfceb5) Importer(815301076,1909f56bfc062723c751e8b465ee728b)
Start importing Assets/2023-FinalProject-Models/Laptop.fbx using Guid(a2443255c2c1f4e13acc37d8ffdfceb5) Importer(815301076,1909f56bfc062723c751e8b465ee728b)  -> (artifact id: '615e99d7ff1eedad0b23e67a8a3e8dda') in 0.056534 seconds 
========================================================================
Received Import Request.
  Time since last request: 0.000167 seconds.
  path: Assets/2023-FinalProject-Models/BigPlantPot.fbx
  artifactKey: Guid(717080842e9e04d3d99e54d0899f4a19) Importer(815301076,1909f56bfc062723c751e8b465ee728b)
Start importing Assets/2023-FinalProject-Models/BigPlantPot.fbx using Guid(717080842e9e04d3d99e54d0899f4a19) Importer(815301076,1909f56bfc062723c751e8b465ee728b)  -> (artifact id: '13b24d843f14801ae87ac9bea61f6a9f') in 0.049616 seconds 
========================================================================
Received Import Request.
  Time since last request: 0.000192 seconds.
  path: Assets/2023-FinalProject-Models/OfficeLamp.fbx
  artifactKey: Guid(50c0e1513a30c432dab3d279f079142f) Importer(815301076,1909f56bfc062723c751e8b465ee728b)
Start importing Assets/2023-FinalProject-Models/OfficeLamp.fbx using Guid(50c0e1513a30c432dab3d279f079142f) Importer(815301076,1909f56bfc062723c751e8b465ee728b)  -> (artifact id: '5697299d8c6dd00ba49c7b560cb5d250') in 0.039362 seconds 
========================================================================
Received Import Request.
  Time since last request: 0.000218 seconds.
  path: Assets/2023-FinalProject-Models/TissueBox.fbx
  artifactKey: Guid(0853cb972161f48e7afe6abef13ea2b1) Importer(815301076,1909f56bfc062723c751e8b465ee728b)
Start importing Assets/2023-FinalProject-Models/TissueBox.fbx using Guid(0853cb972161f48e7afe6abef13ea2b1) Importer(815301076,1909f56bfc062723c751e8b465ee728b)  -> (artifact id: '440b1156d57e87d1308f646fa06fe1a6') in 0.057738 seconds 
========================================================================
Received Import Request.
  Time since last request: 0.000228 seconds.
  path: Assets/2023-FinalProject-Models/Mouse.fbx
  artifactKey: Guid(585fa7278f69a42f0a133ae90c546f17) Importer(815301076,1909f56bfc062723c751e8b465ee728b)
Start importing Assets/2023-FinalProject-Models/Mouse.fbx using Guid(585fa7278f69a42f0a133ae90c546f17) Importer(815301076,1909f56bfc062723c751e8b465ee728b)  -> (artifact id: '4d62ab052f0cd78079b5f689c0c40f42') in 0.042460 seconds 
========================================================================
Received Import Request.
  Time since last request: 0.000170 seconds.
  path: Assets/2023-FinalProject-Models/Smiley.fbx
  artifactKey: Guid(cda7cd4dce09b40a1891b25ddb5abb4f) Importer(815301076,1909f56bfc062723c751e8b465ee728b)
Start importing Assets/2023-FinalProject-Models/Smiley.fbx using Guid(cda7cd4dce09b40a1891b25ddb5abb4f) Importer(815301076,1909f56bfc062723c751e8b465ee728b)  -> (artifact id: '09bd6b3638cf63b675b5e301d1c6e09a') in 0.067544 seconds 
========================================================================
Received Import Request.
  Time since last request: 0.000289 seconds.
  path: Assets/2023-FinalProject-Models/FireExtinguisher.fbx
  artifactKey: Guid(2044d9ef0a48e402eae9b842782e1543) Importer(815301076,1909f56bfc062723c751e8b465ee728b)
Start importing Assets/2023-FinalProject-Models/FireExtinguisher.fbx using Guid(2044d9ef0a48e402eae9b842782e1543) Importer(815301076,1909f56bfc062723c751e8b465ee728b)  -> (artifact id: '47fc9761ba48f97c7739227d28a83a31') in 0.048775 seconds 
========================================================================
Received Import Request.
  Time since last request: 0.000258 seconds.
  path: Assets/2023-FinalProject-Models/Mug.fbx
  artifactKey: Guid(463416b4d217c47dfa6f5e76a5e79ac2) Importer(815301076,1909f56bfc062723c751e8b465ee728b)
Start importing Assets/2023-FinalProject-Models/Mug.fbx using Guid(463416b4d217c47dfa6f5e76a5e79ac2) Importer(815301076,1909f56bfc062723c751e8b465ee728b)  -> (artifact id: 'dbf924b4e01aa7d3a34970d114e2833a') in 0.033644 seconds 
========================================================================
Received Import Request.
  Time since last request: 0.000291 seconds.
  path: Assets/2023-FinalProject-Models/HairDryer.fbx
  artifactKey: Guid(25bc8fe58f7e84995ac221642f77609d) Importer(815301076,1909f56bfc062723c751e8b465ee728b)
Start importing Assets/2023-FinalProject-Models/HairDryer.fbx using Guid(25bc8fe58f7e84995ac221642f77609d) Importer(815301076,1909f56bfc062723c751e8b465ee728b)  -> (artifact id: 'c43068c3809dfb98370e6acf2d047613') in 0.055419 seconds 
========================================================================
Received Import Request.
  Time since last request: 0.000274 seconds.
  path: Assets/2023-FinalProject-Models/ClosedDoorWithFrame.fbx
  artifactKey: Guid(a98414f854c5a4bcfaa6864a3400f54a) Importer(815301076,1909f56bfc062723c751e8b465ee728b)
Start importing Assets/2023-FinalProject-Models/ClosedDoorWithFrame.fbx using Guid(a98414f854c5a4bcfaa6864a3400f54a) Importer(815301076,1909f56bfc062723c751e8b465ee728b)  -> (artifact id: '6bcca59e0e371f55123ff6ee18502926') in 0.037193 seconds 
========================================================================
Received Import Request.
  Time since last request: 0.000150 seconds.
  path: Assets/2023-FinalProject-Models/HalfOpenDoorWithFrame.fbx
  artifactKey: Guid(40247a645b3f94ec084e584b5ff30807) Importer(815301076,1909f56bfc062723c751e8b465ee728b)
Start importing Assets/2023-FinalProject-Models/HalfOpenDoorWithFrame.fbx using Guid(40247a645b3f94ec084e584b5ff30807) Importer(815301076,1909f56bfc062723c751e8b465ee728b)  -> (artifact id: '523b88a98d4d97619e853e1b3eeaf280') in 0.042830 seconds 
========================================================================
Received Import Request.
  Time since last request: 0.000167 seconds.
  path: Assets/2023-FinalProject-Models/Hammer.fbx
  artifactKey: Guid(256ce36cd81874c87bb37b199efbdc54) Importer(815301076,1909f56bfc062723c751e8b465ee728b)
Start importing Assets/2023-FinalProject-Models/Hammer.fbx using Guid(256ce36cd81874c87bb37b199efbdc54) Importer(815301076,1909f56bfc062723c751e8b465ee728b)  -> (artifact id: 'c06227ec8e6a52ae987c950f4f038963') in 0.039728 seconds 
========================================================================
Received Import Request.
  Time since last request: 0.000229 seconds.
  path: Assets/2023-FinalProject-Models/SoapBottle.fbx
  artifactKey: Guid(6caebcb5f850142d58f733ba6b53a69d) Importer(815301076,1909f56bfc062723c751e8b465ee728b)
Start importing Assets/2023-FinalProject-Models/SoapBottle.fbx using Guid(6caebcb5f850142d58f733ba6b53a69d) Importer(815301076,1909f56bfc062723c751e8b465ee728b)  -> (artifact id: 'f7c858e53899d5488fccf100f957ca3b') in 0.041678 seconds 
========================================================================
Received Import Request.
  Time since last request: 0.000252 seconds.
  path: Assets/2023-FinalProject-Models/Toothbrushes.fbx
  artifactKey: Guid(7daf3ed4c610d46a2aa6bb7a6f9d4bb3) Importer(815301076,1909f56bfc062723c751e8b465ee728b)
Start importing Assets/2023-FinalProject-Models/Toothbrushes.fbx using Guid(7daf3ed4c610d46a2aa6bb7a6f9d4bb3) Importer(815301076,1909f56bfc062723c751e8b465ee728b)  -> (artifact id: '283fb9bea58cd74ee5a876d97d8f76ae') in 0.068778 seconds 
========================================================================
Received Import Request.
  Time since last request: 0.000229 seconds.
  path: Assets/2023-FinalProject-Models/Pan.fbx
  artifactKey: Guid(4d775b23b31e343f59fd1c5bad85cb56) Importer(815301076,1909f56bfc062723c751e8b465ee728b)
Start importing Assets/2023-FinalProject-Models/Pan.fbx using Guid(4d775b23b31e343f59fd1c5bad85cb56) Importer(815301076,1909f56bfc062723c751e8b465ee728b)  -> (artifact id: '2d8d78d0115ea1d1cced6388dd4b76b5') in 0.044757 seconds 
========================================================================
Received Import Request.
  Time since last request: 0.000189 seconds.
  path: Assets/2023-FinalProject-Models/Book.fbx
  artifactKey: Guid(a0af8f999e6234c6ea696705f40ebb49) Importer(815301076,1909f56bfc062723c751e8b465ee728b)
Start importing Assets/2023-FinalProject-Models/Book.fbx using Guid(a0af8f999e6234c6ea696705f40ebb49) Importer(815301076,1909f56bfc062723c751e8b465ee728b)  -> (artifact id: 'eabdc0e8bc1c29295d803e15b2597df6') in 0.039249 seconds 
========================================================================
Received Import Request.
  Time since last request: 88.205229 seconds.
  path: Assets/2023-FinalProject-Models/T1Appartment 1.fbx
  artifactKey: Guid(d889872325c924a02b9c305c6dab88f4) Importer(815301076,1909f56bfc062723c751e8b465ee728b)
Start importing Assets/2023-FinalProject-Models/T1Appartment 1.fbx using Guid(d889872325c924a02b9c305c6dab88f4) Importer(815301076,1909f56bfc062723c751e8b465ee728b)  -> (artifact id: '56436f1aab1baba2b834b0b395f003c4') in 0.543576 seconds 
========================================================================
Received Prepare
Registering precompiled user dll's ...
Registered in 0.005374 seconds.
Begin MonoManager ReloadAssembly
Native extension for OSXStandalone target not found
Refreshing native plugins compatible for Editor in 0.44 ms, found 2 plugins.
Preloading 0 native plugins for Editor in 0.00 ms.
2023-10-14 14:26:36.877 Unity[1913:25221] NSEventModifierFlagFunction specified to -setKeyEquivalentModifierMask: for item <NSMenuItem: 0x7f8357729800 Font Asset, ke='Command-F12'>, but is only supported for system-provided menu items; will not be used
Mono: successfully reloaded assembly
- Completed reload, in  1.342 seconds
Domain Reload Profiling:
	ReloadAssembly (1343ms)
		BeginReloadAssembly (260ms)
			ExecutionOrderSort (0ms)
			DisableScriptedObjects (10ms)
			BackupInstance (0ms)
			ReleaseScriptingObjects (0ms)
			CreateAndSetChildDomain (100ms)
		EndReloadAssembly (1002ms)
			LoadAssemblies (182ms)
			RebuildTransferFunctionScriptingTraits (0ms)
			SetupTypeCache (365ms)
			ReleaseScriptCaches (1ms)
			RebuildScriptCaches (54ms)
			SetupLoadedEditorAssemblies (354ms)
				LogAssemblyErrors (0ms)
				InitializePlatformSupportModulesInManaged (7ms)
				SetLoadedEditorAssemblies (1ms)
				RefreshPlugins (0ms)
				BeforeProcessingInitializeOnLoad (99ms)
				ProcessInitializeOnLoadAttributes (228ms)
				ProcessInitializeOnLoadMethodAttributes (17ms)
				AfterProcessingInitializeOnLoad (1ms)
				EditorAssembliesLoaded (0ms)
			ExecutionOrderSort2 (0ms)
			AwakeInstancesAfterBackupRestoration (2ms)
Platform modules already initialized, skipping
Refreshing native plugins compatible for Editor in 0.30 ms, found 2 plugins.
Preloading 0 native plugins for Editor in 0.00 ms.
Unloading 1504 Unused Serialized files (Serialized files now loaded: 0)
System memory in use before: 225.3 MB.
System memory in use after: 225.5 MB.

Unloading 12 unused Assets to reduce memory usage. Loaded Objects now: 2034.
Total: 2.942797 ms (FindLiveObjects: 0.154796 ms CreateObjectMapping: 0.058025 ms MarkObjects: 2.691335 ms  DeleteObjects: 0.037711 ms)

AssetImportParameters requested are different than current active one (requested -> active):
  custom:video-decoder-ogg-theora: a1e56fd34408186e4bbccfd4996cb3dc -> 
  custom:container-muxer-webm: aa71ff27fc2769a1b78a27578f13a17b -> 
  custom:container-demuxer-webm: 4f35f7cbe854078d1ac9338744f61a02 -> 
  custom:container-demuxer-ogg: 62fdf1f143b41e24485cea50d1cbac27 -> 
  custom:video-encoder-webm-vp8: eb34c28f22e8b96e1ab97ce403110664 -> 
  custom:framework-osx-AVFoundation: e770b220cccbd017edd2c1fefb359320 -> 
  custom:video-decoder-webm-vp8: 9c59270c3fd7afecdb556c50c9e8de78 -> 
  custom:audio-decoder-ogg-vorbis: bf7c407c2cedff20999df2af8eb42d56 -> 
  custom:audio-encoder-webm-vorbis: bf7c407c2cedff20999df2af8eb42d56 -> 
========================================================================
Received Import Request.
  Time since last request: 568.393705 seconds.
  path: Assets/New Terrain.asset
  artifactKey: Guid(2f609e8e8f82b4770a8184cd6943315e) Importer(815301076,1909f56bfc062723c751e8b465ee728b)
Start importing Assets/New Terrain.asset using Guid(2f609e8e8f82b4770a8184cd6943315e) Importer(815301076,1909f56bfc062723c751e8b465ee728b)  -> (artifact id: 'e95458d6311f0286e873cb169506b2d0') in 0.126951 seconds 
